2023-10-04 at 16:21:56 CST DEBUG org.springframework.context.support.AbstractApplicationContext 630 prepareRefresh - Refreshing org.springframework.context.support.ClassPathXmlApplicationContext@7ec3394b
2023-10-04 at 16:21:56 CST DEBUG org.springframework.beans.factory.xml.XmlBeanDefinitionReader 393 doLoadBeanDefinitions - Loaded 1 bean definitions from class path resource [bean.xml]
2023-10-04 at 16:21:56 CST DEBUG org.springframework.beans.factory.support.DefaultSingletonBeanRegistry 225 getSingleton - Creating shared instance of singleton bean 'user'
2023-10-04 at 16:25:43 CST DEBUG org.springframework.context.support.AbstractApplicationContext 630 prepareRefresh - Refreshing org.springframework.context.support.ClassPathXmlApplicationContext@7756c3cd
2023-10-04 at 16:25:43 CST DEBUG org.springframework.beans.factory.xml.XmlBeanDefinitionReader 393 doLoadBeanDefinitions - Loaded 1 bean definitions from class path resource [bean.xml]
2023-10-04 at 16:25:43 CST DEBUG org.springframework.beans.factory.support.DefaultSingletonBeanRegistry 225 getSingleton - Creating shared instance of singleton bean 'user'
2023-10-04 at 16:25:43 CST INFO  com.qy.spring6.TestUser 28 testUserObject - ## 执行调用成功..
2023-10-04 at 17:28:29 CST DEBUG org.springframework.context.support.AbstractApplicationContext 630 prepareRefresh - Refreshing org.springframework.context.support.ClassPathXmlApplicationContext@7756c3cd
2023-10-04 at 17:28:29 CST DEBUG org.springframework.beans.factory.xml.XmlBeanDefinitionReader 393 doLoadBeanDefinitions - Loaded 1 bean definitions from class path resource [bean.xml]
2023-10-04 at 17:28:29 CST DEBUG org.springframework.beans.factory.support.DefaultSingletonBeanRegistry 225 getSingleton - Creating shared instance of singleton bean 'user'
2023-10-04 at 17:28:29 CST INFO  com.qy.spring6.TestUser 28 testUserObject - ## 执行调用成功..
2023-10-04 at 17:51:39 CST DEBUG org.springframework.context.support.AbstractApplicationContext 630 prepareRefresh - Refreshing org.springframework.context.support.ClassPathXmlApplicationContext@7354b8c5
2023-10-04 at 17:51:39 CST DEBUG org.springframework.beans.factory.xml.XmlBeanDefinitionReader 393 doLoadBeanDefinitions - Loaded 1 bean definitions from class path resource [bean.xml]
2023-10-04 at 17:51:39 CST DEBUG org.springframework.beans.factory.support.DefaultSingletonBeanRegistry 225 getSingleton - Creating shared instance of singleton bean 'user'
2023-10-04 at 17:53:20 CST DEBUG org.springframework.context.support.AbstractApplicationContext 630 prepareRefresh - Refreshing org.springframework.context.support.ClassPathXmlApplicationContext@7354b8c5
2023-10-04 at 17:53:20 CST DEBUG org.springframework.beans.factory.xml.XmlBeanDefinitionReader 393 doLoadBeanDefinitions - Loaded 1 bean definitions from class path resource [bean.xml]
2023-10-04 at 17:53:20 CST DEBUG org.springframework.beans.factory.support.DefaultSingletonBeanRegistry 225 getSingleton - Creating shared instance of singleton bean 'user'
2023-10-04 at 17:53:40 CST DEBUG org.springframework.context.support.AbstractApplicationContext 630 prepareRefresh - Refreshing org.springframework.context.support.ClassPathXmlApplicationContext@7354b8c5
2023-10-04 at 17:53:40 CST DEBUG org.springframework.beans.factory.xml.XmlBeanDefinitionReader 393 doLoadBeanDefinitions - Loaded 1 bean definitions from class path resource [bean.xml]
2023-10-04 at 17:53:40 CST DEBUG org.springframework.beans.factory.support.DefaultSingletonBeanRegistry 225 getSingleton - Creating shared instance of singleton bean 'user'
2023-10-04 at 17:54:38 CST DEBUG org.springframework.context.support.AbstractApplicationContext 630 prepareRefresh - Refreshing org.springframework.context.support.ClassPathXmlApplicationContext@7354b8c5
2023-10-04 at 17:54:38 CST DEBUG org.springframework.beans.factory.xml.XmlBeanDefinitionReader 393 doLoadBeanDefinitions - Loaded 1 bean definitions from class path resource [bean.xml]
2023-10-04 at 17:54:38 CST DEBUG org.springframework.beans.factory.support.DefaultSingletonBeanRegistry 225 getSingleton - Creating shared instance of singleton bean 'user'
2023-10-04 at 17:56:39 CST DEBUG org.springframework.context.support.AbstractApplicationContext 630 prepareRefresh - Refreshing org.springframework.context.support.ClassPathXmlApplicationContext@7354b8c5
2023-10-04 at 17:56:39 CST DEBUG org.springframework.beans.factory.xml.XmlBeanDefinitionReader 393 doLoadBeanDefinitions - Loaded 2 bean definitions from class path resource [bean.xml]
2023-10-04 at 17:56:39 CST DEBUG org.springframework.beans.factory.support.DefaultSingletonBeanRegistry 225 getSingleton - Creating shared instance of singleton bean 'user'
2023-10-04 at 17:56:39 CST DEBUG org.springframework.beans.factory.support.DefaultSingletonBeanRegistry 225 getSingleton - Creating shared instance of singleton bean 'user1'
2023-10-04 at 17:58:43 CST DEBUG org.springframework.context.support.AbstractApplicationContext 630 prepareRefresh - Refreshing org.springframework.context.support.ClassPathXmlApplicationContext@7354b8c5
2023-10-04 at 17:58:43 CST DEBUG org.springframework.beans.factory.xml.XmlBeanDefinitionReader 393 doLoadBeanDefinitions - Loaded 2 bean definitions from class path resource [bean.xml]
2023-10-04 at 17:58:43 CST DEBUG org.springframework.beans.factory.support.DefaultSingletonBeanRegistry 225 getSingleton - Creating shared instance of singleton bean 'user'
2023-10-04 at 17:58:43 CST DEBUG org.springframework.beans.factory.support.DefaultSingletonBeanRegistry 225 getSingleton - Creating shared instance of singleton bean 'user1'
2023-10-04 at 18:08:52 CST DEBUG org.springframework.context.support.AbstractApplicationContext 630 prepareRefresh - Refreshing org.springframework.context.support.ClassPathXmlApplicationContext@7354b8c5
2023-10-04 at 18:08:52 CST DEBUG org.springframework.beans.factory.xml.XmlBeanDefinitionReader 393 doLoadBeanDefinitions - Loaded 3 bean definitions from class path resource [bean.xml]
2023-10-04 at 18:08:52 CST DEBUG org.springframework.beans.factory.support.DefaultSingletonBeanRegistry 225 getSingleton - Creating shared instance of singleton bean 'user'
2023-10-04 at 18:08:52 CST DEBUG org.springframework.beans.factory.support.DefaultSingletonBeanRegistry 225 getSingleton - Creating shared instance of singleton bean 'user1'
2023-10-04 at 18:08:52 CST DEBUG org.springframework.beans.factory.support.DefaultSingletonBeanRegistry 225 getSingleton - Creating shared instance of singleton bean 'userDaoImpl'
2023-10-04 at 18:09:14 CST DEBUG org.springframework.context.support.AbstractApplicationContext 630 prepareRefresh - Refreshing org.springframework.context.support.ClassPathXmlApplicationContext@7354b8c5
2023-10-04 at 18:09:14 CST DEBUG org.springframework.beans.factory.xml.XmlBeanDefinitionReader 393 doLoadBeanDefinitions - Loaded 3 bean definitions from class path resource [bean.xml]
2023-10-04 at 18:09:14 CST DEBUG org.springframework.beans.factory.support.DefaultSingletonBeanRegistry 225 getSingleton - Creating shared instance of singleton bean 'user'
2023-10-04 at 18:09:14 CST DEBUG org.springframework.beans.factory.support.DefaultSingletonBeanRegistry 225 getSingleton - Creating shared instance of singleton bean 'user1'
2023-10-04 at 18:09:14 CST DEBUG org.springframework.beans.factory.support.DefaultSingletonBeanRegistry 225 getSingleton - Creating shared instance of singleton bean 'userDaoImpl'
2023-10-04 at 18:12:06 CST DEBUG org.springframework.context.support.AbstractApplicationContext 630 prepareRefresh - Refreshing org.springframework.context.support.ClassPathXmlApplicationContext@7354b8c5
2023-10-04 at 18:12:06 CST DEBUG org.springframework.beans.factory.xml.XmlBeanDefinitionReader 393 doLoadBeanDefinitions - Loaded 4 bean definitions from class path resource [bean.xml]
2023-10-04 at 18:12:06 CST DEBUG org.springframework.beans.factory.support.DefaultSingletonBeanRegistry 225 getSingleton - Creating shared instance of singleton bean 'user'
2023-10-04 at 18:12:06 CST DEBUG org.springframework.beans.factory.support.DefaultSingletonBeanRegistry 225 getSingleton - Creating shared instance of singleton bean 'user1'
2023-10-04 at 18:12:06 CST DEBUG org.springframework.beans.factory.support.DefaultSingletonBeanRegistry 225 getSingleton - Creating shared instance of singleton bean 'userDaoImpl'
2023-10-04 at 18:12:06 CST DEBUG org.springframework.beans.factory.support.DefaultSingletonBeanRegistry 225 getSingleton - Creating shared instance of singleton bean 'personDaoImpl'
2023-10-04 at 18:12:28 CST DEBUG org.springframework.context.support.AbstractApplicationContext 630 prepareRefresh - Refreshing org.springframework.context.support.ClassPathXmlApplicationContext@7354b8c5
2023-10-04 at 18:12:28 CST DEBUG org.springframework.beans.factory.xml.XmlBeanDefinitionReader 393 doLoadBeanDefinitions - Loaded 4 bean definitions from class path resource [bean.xml]
2023-10-04 at 18:12:28 CST DEBUG org.springframework.beans.factory.support.DefaultSingletonBeanRegistry 225 getSingleton - Creating shared instance of singleton bean 'user'
2023-10-04 at 18:12:28 CST DEBUG org.springframework.beans.factory.support.DefaultSingletonBeanRegistry 225 getSingleton - Creating shared instance of singleton bean 'user1'
2023-10-04 at 18:12:28 CST DEBUG org.springframework.beans.factory.support.DefaultSingletonBeanRegistry 225 getSingleton - Creating shared instance of singleton bean 'userDaoImpl'
2023-10-04 at 18:12:28 CST DEBUG org.springframework.beans.factory.support.DefaultSingletonBeanRegistry 225 getSingleton - Creating shared instance of singleton bean 'personDaoImpl'
2023-10-04 at 18:12:44 CST DEBUG org.springframework.context.support.AbstractApplicationContext 630 prepareRefresh - Refreshing org.springframework.context.support.ClassPathXmlApplicationContext@7354b8c5
2023-10-04 at 18:12:44 CST DEBUG org.springframework.beans.factory.xml.XmlBeanDefinitionReader 393 doLoadBeanDefinitions - Loaded 3 bean definitions from class path resource [bean.xml]
2023-10-04 at 18:12:44 CST DEBUG org.springframework.beans.factory.support.DefaultSingletonBeanRegistry 225 getSingleton - Creating shared instance of singleton bean 'user'
2023-10-04 at 18:12:44 CST DEBUG org.springframework.beans.factory.support.DefaultSingletonBeanRegistry 225 getSingleton - Creating shared instance of singleton bean 'user1'
2023-10-04 at 18:12:44 CST DEBUG org.springframework.beans.factory.support.DefaultSingletonBeanRegistry 225 getSingleton - Creating shared instance of singleton bean 'userDaoImpl'
2023-10-04 at 18:29:01 CST DEBUG org.springframework.context.support.AbstractApplicationContext 630 prepareRefresh - Refreshing org.springframework.context.support.ClassPathXmlApplicationContext@758a34ce
2023-10-04 at 18:29:01 CST DEBUG org.springframework.beans.factory.xml.XmlBeanDefinitionReader 393 doLoadBeanDefinitions - Loaded 1 bean definitions from class path resource [bean-di.xml]
2023-10-04 at 18:29:01 CST DEBUG org.springframework.beans.factory.support.DefaultSingletonBeanRegistry 225 getSingleton - Creating shared instance of singleton bean 'book'
2023-10-04 at 18:33:32 CST DEBUG org.springframework.context.support.AbstractApplicationContext 630 prepareRefresh - Refreshing org.springframework.context.support.ClassPathXmlApplicationContext@758a34ce
2023-10-04 at 18:33:33 CST DEBUG org.springframework.beans.factory.xml.XmlBeanDefinitionReader 393 doLoadBeanDefinitions - Loaded 2 bean definitions from class path resource [bean-di.xml]
2023-10-04 at 18:33:33 CST DEBUG org.springframework.beans.factory.support.DefaultSingletonBeanRegistry 225 getSingleton - Creating shared instance of singleton bean 'book'
2023-10-04 at 18:33:33 CST DEBUG org.springframework.beans.factory.support.DefaultSingletonBeanRegistry 225 getSingleton - Creating shared instance of singleton bean 'bookC'
2023-10-04 at 18:33:33 CST WARN  org.springframework.core.LocalVariableTableParameterNameDiscoverer 123 inspectClass - Using deprecated '-debug' fallback for parameter name resolution. Compile the affected code with '-parameters' instead or avoid its introspection: com.qy.spring6.iocxml.di.Book
2023-10-04 at 18:34:12 CST DEBUG org.springframework.context.support.AbstractApplicationContext 630 prepareRefresh - Refreshing org.springframework.context.support.ClassPathXmlApplicationContext@5c153b9e
2023-10-04 at 18:34:12 CST DEBUG org.springframework.beans.factory.xml.XmlBeanDefinitionReader 393 doLoadBeanDefinitions - Loaded 2 bean definitions from class path resource [bean-di.xml]
2023-10-04 at 18:34:12 CST DEBUG org.springframework.beans.factory.support.DefaultSingletonBeanRegistry 225 getSingleton - Creating shared instance of singleton bean 'book'
2023-10-04 at 18:34:12 CST DEBUG org.springframework.beans.factory.support.DefaultSingletonBeanRegistry 225 getSingleton - Creating shared instance of singleton bean 'bookC'
2023-10-04 at 18:34:12 CST WARN  org.springframework.core.LocalVariableTableParameterNameDiscoverer 123 inspectClass - Using deprecated '-debug' fallback for parameter name resolution. Compile the affected code with '-parameters' instead or avoid its introspection: com.qy.spring6.iocxml.di.Book
2023-10-04 at 18:35:10 CST DEBUG org.springframework.context.support.AbstractApplicationContext 630 prepareRefresh - Refreshing org.springframework.context.support.ClassPathXmlApplicationContext@7ec3394b
2023-10-04 at 18:35:10 CST DEBUG org.springframework.beans.factory.xml.XmlBeanDefinitionReader 393 doLoadBeanDefinitions - Loaded 2 bean definitions from class path resource [bean-di.xml]
2023-10-04 at 18:35:10 CST DEBUG org.springframework.beans.factory.support.DefaultSingletonBeanRegistry 225 getSingleton - Creating shared instance of singleton bean 'book'
2023-10-04 at 18:35:10 CST DEBUG org.springframework.beans.factory.support.DefaultSingletonBeanRegistry 225 getSingleton - Creating shared instance of singleton bean 'bookC'
2023-10-04 at 18:35:10 CST WARN  org.springframework.core.LocalVariableTableParameterNameDiscoverer 123 inspectClass - Using deprecated '-debug' fallback for parameter name resolution. Compile the affected code with '-parameters' instead or avoid its introspection: com.qy.spring6.iocxml.di.Book
2023-10-04 at 18:35:24 CST DEBUG org.springframework.context.support.AbstractApplicationContext 630 prepareRefresh - Refreshing org.springframework.context.support.ClassPathXmlApplicationContext@7ec3394b
2023-10-04 at 18:35:24 CST DEBUG org.springframework.beans.factory.xml.XmlBeanDefinitionReader 393 doLoadBeanDefinitions - Loaded 2 bean definitions from class path resource [bean-di.xml]
2023-10-04 at 18:35:24 CST DEBUG org.springframework.beans.factory.support.DefaultSingletonBeanRegistry 225 getSingleton - Creating shared instance of singleton bean 'book'
2023-10-04 at 18:35:25 CST DEBUG org.springframework.beans.factory.support.DefaultSingletonBeanRegistry 225 getSingleton - Creating shared instance of singleton bean 'bookC'
2023-10-04 at 18:35:25 CST WARN  org.springframework.core.LocalVariableTableParameterNameDiscoverer 123 inspectClass - Using deprecated '-debug' fallback for parameter name resolution. Compile the affected code with '-parameters' instead or avoid its introspection: com.qy.spring6.iocxml.di.Book
2023-10-04 at 18:35:38 CST DEBUG org.springframework.context.support.AbstractApplicationContext 630 prepareRefresh - Refreshing org.springframework.context.support.ClassPathXmlApplicationContext@758a34ce
2023-10-04 at 18:35:38 CST DEBUG org.springframework.beans.factory.xml.XmlBeanDefinitionReader 393 doLoadBeanDefinitions - Loaded 2 bean definitions from class path resource [bean-di.xml]
2023-10-04 at 18:35:38 CST DEBUG org.springframework.beans.factory.support.DefaultSingletonBeanRegistry 225 getSingleton - Creating shared instance of singleton bean 'book'
2023-10-04 at 18:35:38 CST DEBUG org.springframework.beans.factory.support.DefaultSingletonBeanRegistry 225 getSingleton - Creating shared instance of singleton bean 'bookC'
2023-10-04 at 18:35:38 CST WARN  org.springframework.core.LocalVariableTableParameterNameDiscoverer 123 inspectClass - Using deprecated '-debug' fallback for parameter name resolution. Compile the affected code with '-parameters' instead or avoid its introspection: com.qy.spring6.iocxml.di.Book
2023-10-04 at 18:35:38 CST DEBUG org.springframework.context.support.AbstractApplicationContext 630 prepareRefresh - Refreshing org.springframework.context.support.ClassPathXmlApplicationContext@512d92b
2023-10-04 at 18:35:38 CST DEBUG org.springframework.beans.factory.xml.XmlBeanDefinitionReader 393 doLoadBeanDefinitions - Loaded 2 bean definitions from class path resource [bean-di.xml]
2023-10-04 at 18:35:38 CST DEBUG org.springframework.beans.factory.support.DefaultSingletonBeanRegistry 225 getSingleton - Creating shared instance of singleton bean 'book'
2023-10-04 at 18:35:38 CST DEBUG org.springframework.beans.factory.support.DefaultSingletonBeanRegistry 225 getSingleton - Creating shared instance of singleton bean 'bookC'
2023-10-04 at 18:35:38 CST WARN  org.springframework.core.LocalVariableTableParameterNameDiscoverer 123 inspectClass - Using deprecated '-debug' fallback for parameter name resolution. Compile the affected code with '-parameters' instead or avoid its introspection: com.qy.spring6.iocxml.di.Book
2023-10-04 at 18:35:49 CST DEBUG org.springframework.context.support.AbstractApplicationContext 630 prepareRefresh - Refreshing org.springframework.context.support.ClassPathXmlApplicationContext@7ec3394b
2023-10-04 at 18:35:49 CST DEBUG org.springframework.beans.factory.xml.XmlBeanDefinitionReader 393 doLoadBeanDefinitions - Loaded 2 bean definitions from class path resource [bean-di.xml]
2023-10-04 at 18:35:49 CST DEBUG org.springframework.beans.factory.support.DefaultSingletonBeanRegistry 225 getSingleton - Creating shared instance of singleton bean 'book'
2023-10-04 at 18:35:49 CST DEBUG org.springframework.beans.factory.support.DefaultSingletonBeanRegistry 225 getSingleton - Creating shared instance of singleton bean 'bookC'
2023-10-04 at 18:35:49 CST WARN  org.springframework.core.LocalVariableTableParameterNameDiscoverer 123 inspectClass - Using deprecated '-debug' fallback for parameter name resolution. Compile the affected code with '-parameters' instead or avoid its introspection: com.qy.spring6.iocxml.di.Book
2023-10-04 at 18:36:00 CST DEBUG org.springframework.context.support.AbstractApplicationContext 630 prepareRefresh - Refreshing org.springframework.context.support.ClassPathXmlApplicationContext@7ec3394b
2023-10-04 at 18:36:00 CST DEBUG org.springframework.beans.factory.xml.XmlBeanDefinitionReader 393 doLoadBeanDefinitions - Loaded 1 bean definitions from class path resource [bean-di.xml]
2023-10-04 at 18:36:00 CST DEBUG org.springframework.beans.factory.support.DefaultSingletonBeanRegistry 225 getSingleton - Creating shared instance of singleton bean 'bookC'
2023-10-04 at 18:36:00 CST WARN  org.springframework.core.LocalVariableTableParameterNameDiscoverer 123 inspectClass - Using deprecated '-debug' fallback for parameter name resolution. Compile the affected code with '-parameters' instead or avoid its introspection: com.qy.spring6.iocxml.di.Book
